{"contracts/Allowance.sol":{"l":{"19":1,"20":1,"21":1,"23":1,"27":14,"28":14,"32":0,"33":0,"37":1,"38":0,"42":0,"43":0,"47":1,"48":1,"52":1,"53":1,"57":1,"58":1,"62":1,"66":7,"70":1,"71":1,"72":1,"77":1,"78":1,"79":1,"85":0,"87":0,"88":0,"89":0,"94":1,"95":1,"99":2,"103":1,"107":0,"111":0,"115":2,"119":0},"path":"/Users/martingo/Documents/allowance/contracts/Allowance.sol","s":{"1":1,"2":1,"3":1,"4":14,"5":0,"6":1,"7":0,"8":1,"9":1,"10":1,"11":1,"12":1,"13":1,"14":1,"15":7,"16":1,"17":1,"18":1,"19":1,"20":0,"21":0,"22":0,"23":1,"24":1,"25":2,"26":1,"27":0,"28":0,"29":2},"b":{"1":[14,0],"2":[0,0],"3":[0,1],"4":[0,0],"5":[1,0],"6":[0,0]},"f":{"1":1,"2":14,"3":0,"4":1,"5":0,"6":1,"7":1,"8":1,"9":1,"10":7,"11":1,"12":1,"13":0,"14":1,"15":2,"16":1,"17":0,"18":0,"19":2,"20":0},"fnMap":{"1":{"name":"Allowance","line":18,"loc":{"start":{"line":18,"column":4},"end":{"line":18,"column":57}}},"2":{"name":"onlyOwner","line":26,"loc":{"start":{"line":26,"column":4},"end":{"line":26,"column":21}}},"3":{"name":"onlyBeneficiary","line":31,"loc":{"start":{"line":31,"column":4},"end":{"line":31,"column":27}}},"4":{"name":"onlyOwnerOrBeneficiary","line":36,"loc":{"start":{"line":36,"column":4},"end":{"line":36,"column":34}}},"5":{"name":"freezeWithdrawBeneficiary","line":41,"loc":{"start":{"line":41,"column":4},"end":{"line":41,"column":37}}},"6":{"name":"addFunds","line":46,"loc":{"start":{"line":46,"column":4},"end":{"line":46,"column":61}}},"7":{"name":"freeze","line":51,"loc":{"start":{"line":51,"column":4},"end":{"line":51,"column":36}}},"8":{"name":"unFreeze","line":56,"loc":{"start":{"line":56,"column":4},"end":{"line":56,"column":38}}},"9":{"name":"kill","line":61,"loc":{"start":{"line":61,"column":4},"end":{"line":61,"column":34}}},"10":{"name":"getBalance","line":65,"loc":{"start":{"line":65,"column":4},"end":{"line":65,"column":60}}},"11":{"name":"withdrawOwner","line":69,"loc":{"start":{"line":69,"column":4},"end":{"line":69,"column":55}}},"12":{"name":"withdrawOwnerAll","line":76,"loc":{"start":{"line":76,"column":4},"end":{"line":76,"column":46}}},"13":{"name":"withdrawBeneficiary","line":82,"loc":{"start":{"line":82,"column":4},"end":{"line":82,"column":88}}},"14":{"name":"updateBeneficiary","line":93,"loc":{"start":{"line":93,"column":4},"end":{"line":93,"column":67}}},"15":{"name":"getBeneficiary","line":98,"loc":{"start":{"line":98,"column":4},"end":{"line":98,"column":56}}},"16":{"name":"getOwner","line":102,"loc":{"start":{"line":102,"column":4},"end":{"line":102,"column":50}}},"17":{"name":"setLastWithdrawalDate","line":106,"loc":{"start":{"line":106,"column":4},"end":{"line":106,"column":42}}},"18":{"name":"getLastWithdrawalDate","line":110,"loc":{"start":{"line":110,"column":4},"end":{"line":110,"column":60}}},"19":{"name":"getWithdrawnIsFrozenStatus","line":114,"loc":{"start":{"line":114,"column":4},"end":{"line":114,"column":66}}},"20":{"name":null,"line":118,"loc":{"start":{"line":118,"column":4},"end":{"line":118,"column":37}}}},"statementMap":{"1":{"start":{"line":19,"column":8},"end":{"line":19,"column":25}},"2":{"start":{"line":20,"column":8},"end":{"line":20,"column":33}},"3":{"start":{"line":21,"column":8},"end":{"line":21,"column":30}},"4":{"start":{"line":27,"column":8},"end":{"line":27,"column":35}},"5":{"start":{"line":32,"column":8},"end":{"line":32,"column":41}},"6":{"start":{"line":37,"column":8},"end":{"line":37,"column":64}},"7":{"start":{"line":42,"column":8},"end":{"line":42,"column":41}},"8":{"start":{"line":47,"column":8},"end":{"line":47,"column":28}},"9":{"start":{"line":48,"column":8},"end":{"line":48,"column":19}},"10":{"start":{"line":52,"column":8},"end":{"line":52,"column":31}},"11":{"start":{"line":53,"column":8},"end":{"line":53,"column":34}},"12":{"start":{"line":57,"column":8},"end":{"line":57,"column":32}},"13":{"start":{"line":58,"column":8},"end":{"line":58,"column":35}},"14":{"start":{"line":62,"column":8},"end":{"line":62,"column":26}},"15":{"start":{"line":66,"column":8},"end":{"line":66,"column":27}},"16":{"start":{"line":70,"column":8},"end":{"line":70,"column":28}},"17":{"start":{"line":71,"column":8},"end":{"line":71,"column":1913}},"18":{"start":{"line":77,"column":8},"end":{"line":77,"column":43}},"19":{"start":{"line":79,"column":8},"end":{"line":79,"column":46}},"20":{"start":{"line":85,"column":8},"end":{"line":85,"column":49}},"21":{"start":{"line":87,"column":8},"end":{"line":87,"column":30}},"22":{"start":{"line":89,"column":8},"end":{"line":89,"column":57}},"23":{"start":{"line":94,"column":8},"end":{"line":94,"column":33}},"24":{"start":{"line":95,"column":8},"end":{"line":95,"column":38}},"25":{"start":{"line":99,"column":8},"end":{"line":99,"column":26}},"26":{"start":{"line":103,"column":8},"end":{"line":103,"column":20}},"27":{"start":{"line":107,"column":8},"end":{"line":107,"column":35}},"28":{"start":{"line":111,"column":8},"end":{"line":111,"column":37}},"29":{"start":{"line":115,"column":8},"end":{"line":115,"column":32}}},"branchMap":{"1":{"line":27,"type":"if","locations":[{"start":{"line":27,"column":8},"end":{"line":27,"column":8}},{"start":{"line":27,"column":8},"end":{"line":27,"column":8}}]},"2":{"line":32,"type":"if","locations":[{"start":{"line":32,"column":8},"end":{"line":32,"column":8}},{"start":{"line":32,"column":8},"end":{"line":32,"column":8}}]},"3":{"line":37,"type":"if","locations":[{"start":{"line":37,"column":8},"end":{"line":37,"column":8}},{"start":{"line":37,"column":8},"end":{"line":37,"column":8}}]},"4":{"line":42,"type":"if","locations":[{"start":{"line":42,"column":8},"end":{"line":42,"column":8}},{"start":{"line":42,"column":8},"end":{"line":42,"column":8}}]},"5":{"line":71,"type":"if","locations":[{"start":{"line":71,"column":8},"end":{"line":71,"column":8}},{"start":{"line":71,"column":8},"end":{"line":71,"column":8}}]},"6":{"line":85,"type":"if","locations":[{"start":{"line":85,"column":8},"end":{"line":85,"column":8}},{"start":{"line":85,"column":8},"end":{"line":85,"column":8}}]}}}}