TN:
SF:/Users/martingo/Documents/allowance/contracts/Allowance.sol
FN:18,Allowance
FN:26,onlyOwner
FN:31,onlyBeneficiary
FN:36,onlyOwnerOrBeneficiary
FN:41,freezeWithdrawBeneficiary
FN:46,addFunds
FN:51,freeze
FN:56,unFreeze
FN:61,kill
FN:65,getBalance
FN:69,withdrawOwner
FN:76,withdrawOwnerAll
FN:82,withdrawBeneficiary
FN:93,updateBeneficiary
FN:98,getBeneficiary
FN:102,getOwner
FN:106,setLastWithdrawalDate
FN:110,getLastWithdrawalDate
FN:114,getWithdrawnIsFrozenStatus
FN:118,
FNF:20
FNH:14
FNDA:1,Allowance
FNDA:14,onlyOwner
FNDA:0,onlyBeneficiary
FNDA:1,onlyOwnerOrBeneficiary
FNDA:0,freezeWithdrawBeneficiary
FNDA:1,addFunds
FNDA:1,freeze
FNDA:1,unFreeze
FNDA:1,kill
FNDA:7,getBalance
FNDA:1,withdrawOwner
FNDA:1,withdrawOwnerAll
FNDA:0,withdrawBeneficiary
FNDA:1,updateBeneficiary
FNDA:2,getBeneficiary
FNDA:1,getOwner
FNDA:0,setLastWithdrawalDate
FNDA:0,getLastWithdrawalDate
FNDA:2,getWithdrawnIsFrozenStatus
FNDA:0,
DA:19,1
DA:20,1
DA:21,1
DA:23,1
DA:27,14
DA:28,14
DA:32,0
DA:33,0
DA:37,1
DA:38,0
DA:42,0
DA:43,0
DA:47,1
DA:48,1
DA:52,1
DA:53,1
DA:57,1
DA:58,1
DA:62,1
DA:66,7
DA:70,1
DA:71,1
DA:72,1
DA:77,1
DA:78,1
DA:79,1
DA:85,0
DA:87,0
DA:88,0
DA:89,0
DA:94,1
DA:95,1
DA:99,2
DA:103,1
DA:107,0
DA:111,0
DA:115,2
DA:119,0
LF:38
LH:26
BRDA:27,1,0,14
BRDA:27,1,1,0
BRDA:32,2,0,0
BRDA:32,2,1,0
BRDA:37,3,0,0
BRDA:37,3,1,1
BRDA:42,4,0,0
BRDA:42,4,1,0
BRDA:71,5,0,1
BRDA:71,5,1,0
BRDA:85,6,0,0
BRDA:85,6,1,0
BRF:12
BRH:3
end_of_record
